*** Using Compiler 'V5.06 update 6 (build 750)', folder: 'D:\Keil_v5\ARM\ARMCC\Bin'
Build target 'thd103'
Clean started - Project: 'thd103'
   deleting intermediate output files for target 'thd103'
assembling startup_stm32f103xe.s...
compiling lcd.c...
compiling delay.c...
compiling fft.c...
..\Core\Src\fft.c(29): warning:  #223-D: function "printf" declared implicitly
      printf("%d.%d%d",tmp,tmp1,tmp2);
..\Core\Src\fft.c(8): warning:  #177-D: variable "tmp4"  was declared but never referenced
      int tmp,tmp1,tmp2,tmp3,tmp4,tmp5,tmp6;
..\Core\Src\fft.c(8): warning:  #177-D: variable "tmp5"  was declared but never referenced
      int tmp,tmp1,tmp2,tmp3,tmp4,tmp5,tmp6;
..\Core\Src\fft.c(8): warning:  #177-D: variable "tmp6"  was declared but never referenced
      int tmp,tmp1,tmp2,tmp3,tmp4,tmp5,tmp6;
..\Core\Src\fft.c: 4 warnings, 0 errors
compiling main.c...
compiling gpio.c...
compiling adc.c...
compiling dac.c...
compiling dma.c...
compiling tim.c...
compiling usart.c...
compiling stm32f1xx_it.c...
compiling stm32f1xx_hal_msp.c...
compiling stm32f1xx_hal_gpio_ex.c...
compiling stm32f1xx_hal_adc.c...
compiling stm32f1xx_hal_adc_ex.c...
compiling stm32f1xx_hal.c...
compiling stm32f1xx_hal_rcc.c...
compiling stm32f1xx_hal_rcc_ex.c...
compiling stm32f1xx_hal_gpio.c...
compiling stm32f1xx_hal_dma.c...
compiling stm32f1xx_hal_cortex.c...
compiling stm32f1xx_hal_pwr.c...
compiling stm32f1xx_hal_flash.c...
compiling stm32f1xx_hal_flash_ex.c...
compiling stm32f1xx_hal_exti.c...
compiling stm32f1xx_hal_dac.c...
compiling stm32f1xx_hal_dac_ex.c...
compiling stm32f1xx_hal_tim.c...
compiling stm32f1xx_hal_tim_ex.c...
compiling stm32f1xx_hal_uart.c...
compiling system_stm32f1xx.c...
linking...
Program Size: Code=11548 RO-data=424 RW-data=64 ZI-data=6488  
"thd103\thd103.axf" - 0 Error(s), 4 Warning(s).

*** Performing Cross-Module-Optimization:
compiling lcd.c...
compiling delay.c...
compiling fft.c...
..\Core\Src\fft.c(29): warning:  #223-D: function "printf" declared implicitly
      printf("%d.%d%d",tmp,tmp1,tmp2);
..\Core\Src\fft.c(8): warning:  #177-D: variable "tmp4"  was declared but never referenced
      int tmp,tmp1,tmp2,tmp3,tmp4,tmp5,tmp6;
..\Core\Src\fft.c(8): warning:  #177-D: variable "tmp5"  was declared but never referenced
      int tmp,tmp1,tmp2,tmp3,tmp4,tmp5,tmp6;
..\Core\Src\fft.c(8): warning:  #177-D: variable "tmp6"  was declared but never referenced
      int tmp,tmp1,tmp2,tmp3,tmp4,tmp5,tmp6;
..\Core\Src\fft.c: 4 warnings, 0 errors
compiling main.c...
compiling gpio.c...
compiling adc.c...
compiling dac.c...
compiling dma.c...
compiling tim.c...
compiling usart.c...
compiling stm32f1xx_it.c...
compiling stm32f1xx_hal_msp.c...
compiling stm32f1xx_hal_gpio_ex.c...
compiling stm32f1xx_hal_adc.c...
compiling stm32f1xx_hal_adc_ex.c...
compiling stm32f1xx_hal.c...
compiling stm32f1xx_hal_rcc.c...
compiling stm32f1xx_hal_rcc_ex.c...
compiling stm32f1xx_hal_gpio.c...
compiling stm32f1xx_hal_dma.c...
compiling stm32f1xx_hal_cortex.c...
compiling stm32f1xx_hal_pwr.c...
compiling stm32f1xx_hal_flash.c...
compiling stm32f1xx_hal_flash_ex.c...
compiling stm32f1xx_hal_exti.c...
compiling stm32f1xx_hal_dac.c...
compiling stm32f1xx_hal_dac_ex.c...
compiling stm32f1xx_hal_tim.c...
compiling stm32f1xx_hal_tim_ex.c...
compiling stm32f1xx_hal_uart.c...
compiling system_stm32f1xx.c...
linking...
Program Size: Code=11548 RO-data=424 RW-data=64 ZI-data=6488  
FromELF: creating hex file...
"thd103\thd103.axf" - 0 Error(s), 4 Warning(s).
*** Completed Cross-Module-Optimization after 2 iteration(s).
Build Time Elapsed:  00:00:53
